#
# There is insufficient memory for the Java Runtime Environment to continue.
# Native memory allocation (mmap) failed to map 134217728 bytes for Failed to commit area from 0x0000000081c00000 to 0x0000000089c00000 of length 134217728.
# Possible reasons:
#   The system is out of physical RAM or swap space
#   The process is running with CompressedOops enabled, and the Java Heap may be blocking the growth of the native heap
# Possible solutions:
#   Reduce memory load on the system
#   Increase physical memory or swap space
#   Check if swap backing store is full
#   Decrease Java heap size (-Xmx/-Xms)
#   Decrease number of Java threads
#   Decrease Java thread stack sizes (-Xss)
#   Set larger code cache with -XX:ReservedCodeCacheSize=
# This output file may be truncated or incomplete.
#
#  Out of Memory Error (./src/hotspot/os/windows/os_windows.cpp:3301), pid=5712, tid=12184
#
# JRE version:  (11.0.10) (build )
# Java VM: OpenJDK 64-Bit Server VM (11.0.10+0-b96-7249189, mixed mode, sharing, tiered, compressed oops, g1 gc, windows-amd64)
# No core dump will be written. Minidumps are not enabled by default on client versions of Windows
#

---------------  S U M M A R Y ------------

Command Line: org.jetbrains.kotlin.cli.jvm.K2JVMCompiler @D:\AndroidStudioProjects\training_android\ForegroundServices\app\build\20211101_4105228404292263257.compiler.options

Host: Intel(R) Core(TM) i5-8250U CPU @ 1.60GHz, 8 cores, 7G,  Windows 10 , 64 bit Build 19041 (10.0.19041.1202)
Time: Mon Nov  1 17:23:21 2021 SE Asia Standard Time elapsed time: 0.010939 seconds (0d 0h 0m 0s)

---------------  T H R E A D  ---------------

Current thread (0x0000029bf889c000):  JavaThread "Unknown thread" [_thread_in_vm, id=12184, stack(0x000000a65c000000,0x000000a65c100000)]

Stack: [0x000000a65c000000,0x000000a65c100000]
Native frames: (J=compiled Java code, j=interpreted, Vv=VM code, C=native code)
V  [jvm.dll+0x5ecfaa]
V  [jvm.dll+0x722bd5]
V  [jvm.dll+0x72412d]
V  [jvm.dll+0x7247e3]
V  [jvm.dll+0x242928]
V  [jvm.dll+0x5ea374]
V  [jvm.dll+0x5df425]
V  [jvm.dll+0x2fdebb]
V  [jvm.dll+0x2fde2a]
V  [jvm.dll+0x2fdd02]
V  [jvm.dll+0x302bf6]
V  [jvm.dll+0x34b2a3]
V  [jvm.dll+0x34b9a6]
V  [jvm.dll+0x34b3a3]
V  [jvm.dll+0x2d8888]
V  [jvm.dll+0x2d9a37]
V  [jvm.dll+0x701737]
V  [jvm.dll+0x702f2c]
V  [jvm.dll+0x3587d9]
V  [jvm.dll+0x6e4fae]
V  [jvm.dll+0x3c0be3]
V  [jvm.dll+0x3c2e91]
C  [jli.dll+0x5373]
C  [ucrtbase.dll+0x21bb2]
C  [KERNEL32.DLL+0x17034]
C  [ntdll.dll+0x52651]


---------------  P R O C E S S  ---------------

Threads class SMR info:
_java_thread_list=0x0000029bf87c8680, length=0, elements={
}

Java Threads: ( => current thread )

Other Threads:
  0x0000029bfa9db000 GCTaskThread "GC Thread#0" [stack: 0x000000a65c100000,0x000000a65c200000] [id=10940]
  0x0000029bfaa0a800 ConcurrentGCThread "G1 Main Marker" [stack: 0x000000a65c200000,0x000000a65c300000] [id=6860]
  0x0000029bfaa0d000 ConcurrentGCThread "G1 Conc#0" [stack: 0x000000a65c300000,0x000000a65c400000] [id=1780]

[error occurred during error reporting (printing all threads), id 0xc0000005, EXCEPTION_ACCESS_VIOLATION (0xc0000005) at pc=0x00007ff98a3b9107]

VM state:not at safepoint (not fully initialized)

VM Mutex/Monitor currently owned by a thread:  ([mutex/lock_event])
[0x0000029bfa9c3d70] Heap_lock - owner thread: 0x0000029bf889c000

Heap address: 0x0000000081c00000, size: 2020 MB, Compressed Oops mode: Non-zero based: 0x0000000081c00000
Narrow klass base: 0x0000000000000000, Narrow klass shift: 0

GC Heap History (0 events):
No events

Deoptimization events (0 events):
No events

Classes redefined (0 events):
No events

Internal exceptions (0 events):
No events

Events (1 events):
Event: 0.007 Loaded shared library C:\Program Files\Android\Android Studio\jre\bin\zip.dll


Dynamic libraries:
0x00007ff6fd700000 - 0x00007ff6fd70a000 	C:\Program Files\Android\Android Studio\jre\bin\java.exe
0x00007ff9d1a30000 - 0x00007ff9d1c25000 	C:\WINDOWS\SYSTEM32\ntdll.dll
0x00007ff9cfdb0000 - 0x00007ff9cfe6e000 	C:\WINDOWS\System32\KERNEL32.DLL
0x00007ff9cf700000 - 0x00007ff9cf9c9000 	C:\WINDOWS\System32\KERNELBASE.dll
0x00007ff9cf180000 - 0x00007ff9cf280000 	C:\WINDOWS\System32\ucrtbase.dll
0x00007ff9cbaa0000 - 0x00007ff9cbab7000 	C:\Program Files\Android\Android Studio\jre\bin\VCRUNTIME140.dll
0x00007ff9cbac0000 - 0x00007ff9cbad9000 	C:\Program Files\Android\Android Studio\jre\bin\jli.dll
0x00007ff9d0630000 - 0x00007ff9d07d1000 	C:\WINDOWS\System32\USER32.dll
0x00007ff9cf280000 - 0x00007ff9cf2a2000 	C:\WINDOWS\System32\win32u.dll
0x00007ff9baa10000 - 0x00007ff9bacaa000 	C:\WINDOWS\WinSxS\amd64_microsoft.windows.common-controls_6595b64144ccf1df_6.0.19041.1110_none_60b5254171f9507e\COMCTL32.dll
0x00007ff9d1960000 - 0x00007ff9d198b000 	C:\WINDOWS\System32\GDI32.dll
0x00007ff9d0cf0000 - 0x00007ff9d0d8e000 	C:\WINDOWS\System32\msvcrt.dll
0x00007ff9cf2b0000 - 0x00007ff9cf3bb000 	C:\WINDOWS\System32\gdi32full.dll
0x00007ff9cf4b0000 - 0x00007ff9cf54d000 	C:\WINDOWS\System32\msvcp_win.dll
0x00007ff9cfd80000 - 0x00007ff9cfdb0000 	C:\WINDOWS\System32\IMM32.DLL
0x00007ff9c8530000 - 0x00007ff9c85cd000 	C:\Program Files\Android\Android Studio\jre\bin\msvcp140.dll
0x00007ff98a0d0000 - 0x00007ff98ab9f000 	C:\Program Files\Android\Android Studio\jre\bin\server\jvm.dll
0x00007ff9d01d0000 - 0x00007ff9d027c000 	C:\WINDOWS\System32\ADVAPI32.dll
0x00007ff9d0330000 - 0x00007ff9d03cb000 	C:\WINDOWS\System32\sechost.dll
0x00007ff9d09b0000 - 0x00007ff9d0ada000 	C:\WINDOWS\System32\RPCRT4.dll
0x00007ff9cfbc0000 - 0x00007ff9cfbc8000 	C:\WINDOWS\System32\PSAPI.DLL
0x00007ff9bc2c0000 - 0x00007ff9bc2c9000 	C:\WINDOWS\SYSTEM32\WSOCK32.dll
0x00007ff9bba00000 - 0x00007ff9bba27000 	C:\WINDOWS\SYSTEM32\WINMM.dll
0x00007ff9c86d0000 - 0x00007ff9c86da000 	C:\WINDOWS\SYSTEM32\VERSION.dll
0x00007ff9d0c80000 - 0x00007ff9d0ceb000 	C:\WINDOWS\System32\WS2_32.dll
0x00007ff9cda20000 - 0x00007ff9cda32000 	C:\WINDOWS\SYSTEM32\kernel.appcore.dll
0x00007ff9b9420000 - 0x00007ff9b9431000 	C:\Program Files\Android\Android Studio\jre\bin\verify.dll
0x00007ff9ccf50000 - 0x00007ff9cd134000 	C:\WINDOWS\SYSTEM32\DBGHELP.DLL
0x00007ff9b8b70000 - 0x00007ff9b8b9c000 	C:\WINDOWS\SYSTEM32\dbgcore.DLL
0x00007ff9cf420000 - 0x00007ff9cf4a3000 	C:\WINDOWS\System32\bcryptPrimitives.dll
0x00007ff9b93f0000 - 0x00007ff9b9419000 	C:\Program Files\Android\Android Studio\jre\bin\java.dll
0x00007ff9cbbd0000 - 0x00007ff9cbbdb000 	C:\Program Files\Android\Android Studio\jre\bin\jimage.dll
0x00007ff9b9120000 - 0x00007ff9b9138000 	C:\Program Files\Android\Android Studio\jre\bin\zip.dll

dbghelp: loaded successfully - version: 4.0.5 - missing functions: none
symbol engine: initialized successfully - sym options: 0x614 - pdb path: .;C:\Program Files\Android\Android Studio\jre\bin;C:\WINDOWS\SYSTEM32;C:\WINDOWS\WinSxS\amd64_microsoft.windows.common-controls_6595b64144ccf1df_6.0.19041.1110_none_60b5254171f9507e;C:\Program Files\Android\Android Studio\jre\bin\server

VM Arguments:
java_command: org.jetbrains.kotlin.cli.jvm.K2JVMCompiler @D:\AndroidStudioProjects\training_android\ForegroundServices\app\build\20211101_4105228404292263257.compiler.options
java_class_path (initial): C:\Users\dat29\.gradle\caches\modules-2\files-2.1\org.jetbrains.kotlin\kotlin-compiler-embeddable\1.5.31\cc18c29253541dc57c25c3ef514d63c7953ae1a6\kotlin-compiler-embeddable-1.5.31.jar;C:\Users\dat29\.gradle\caches\modules-2\files-2.1\org.jetbrains.kotlin\kotlin-reflect\1.5.31\1523fcd842a47da0820cea772b19c51056fec8a9\kotlin-reflect-1.5.31.jar;C:\Users\dat29\.gradle\caches\modules-2\files-2.1\org.jetbrains.kotlin\kotlin-stdlib\1.5.31\6628d61d0f5603568e72d2d5915d2c034b4f1c55\kotlin-stdlib-1.5.31.jar;C:\Users\dat29\.gradle\caches\modules-2\files-2.1\org.jetbrains.kotlin\kotlin-script-runtime\1.5.31\aaea854be2cfc06373dfc11be5a6ba9ca5ca84a6\kotlin-script-runtime-1.5.31.jar;C:\Users\dat29\.gradle\caches\modules-2\files-2.1\org.jetbrains.kotlin\kotlin-daemon-embeddable\1.5.31\d19b549661e28c62781683dc7c7e34bf416974f1\kotlin-daemon-embeddable-1.5.31.jar;C:\Users\dat29\.gradle\caches\modules-2\files-2.1\org.jetbrains.intellij.deps\trove4j\1.0.20181211\216c2e14b070f334479d800987affe4054cd563f\trove4j-1.0.20181211.jar;C:\Users\dat29\.gradle\caches\modules-2\files-2.1\org.jetbrains\annotations\13.0\919f0dfe192fb4e063e7dacadee7f8bb9a2672a9\annotations-13.0.jar;C:\Users\dat29\.gradle\caches\modules-2\files-2.1\org.jetbrains.kotlin\kotlin-stdlib-common\1.5.31\43331609c7de811fed085e0dfd150874b157c32\kotlin-stdlib-common-1.5.31.jar
Launcher Type: SUN_STANDARD

[Global flags]
     intx CICompilerCount                          = 4                                         {product} {ergonomic}
     uint ConcGCThreads                            = 2                                         {product} {ergonomic}
     uint G1ConcRefinementThreads                  = 8                                         {product} {ergonomic}
   size_t G1HeapRegionSize                         = 1048576                                   {product} {ergonomic}
    uintx GCDrainStackTargetSize                   = 64                                        {product} {ergonomic}
   size_t InitialHeapSize                          = 134217728                                 {product} {ergonomic}
   size_t MarkStackSize                            = 4194304                                   {product} {ergonomic}
   size_t MaxHeapSize                              = 2118123520                                {product} {ergonomic}
   size_t MinHeapDeltaBytes                        = 1048576                                   {product} {ergonomic}
    uintx NonNMethodCodeHeapSize                   = 5836300                                {pd product} {ergonomic}
    uintx NonProfiledCodeHeapSize                  = 122910970                              {pd product} {ergonomic}
    uintx ProfiledCodeHeapSize                     = 122910970                              {pd product} {ergonomic}
    uintx ReservedCodeCacheSize                    = 251658240                              {pd product} {ergonomic}
     bool SegmentedCodeCache                       = true                                      {product} {ergonomic}
     bool UseCompressedClassPointers               = true                                 {lp64_product} {ergonomic}
     bool UseCompressedOops                        = true                                 {lp64_product} {ergonomic}
     bool UseG1GC                                  = true                                      {product} {ergonomic}
     bool UseLargePagesIndividualAllocation        = false                                  {pd product} {ergonomic}

Logging:
Log output configuration:
 #0: stdout all=warning uptime,level,tags
 #1: stderr all=off uptime,level,tags

Environment Variables:
PATH=D:\Python\Python38\Scripts\;D:\Python\Python38\;C:\WINDOWS\system32;C:\WINDOWS;C:\WINDOWS\System32\Wbem;C:\WINDOWS\System32\WindowsPowerShell\v1.0\;C:\WINDOWS\System32\OpenSSH\;C:\Program Files\Java\jdk-14.0.1\bin;C:\Program Files\nodejs\;C:\Program Files (x86)\Yarn\bin\;C:\Program Files\Git\cmd;C:\Program Files\dotnet\;C:\Program Files\Microsoft SQL Server\130\Tools\Binn\;C:\Program Files\Microsoft SQL Server\Client SDK\ODBC\170\Tools\Binn\;C:\dart-sdk\bin;D:\Flutter\bin;C:\Ruby30-x64\bin;C:\Users\dat29\AppData\Local\Programs\Python\Python36\Scripts\;C:\Users\dat29\AppData\Local\Programs\Python\Python36\;D:\Python\Scripts\;D:\Python\;D:\Anaconda3;D:\Anaconda3\Library\mingw-w64\bin;D:\Anaconda3\Library\usr\bin;D:\Anaconda3\Library\bin;D:\Anaconda3\Scripts;C:\Users\dat29\AppData\Local\Microsoft\WindowsApps;D:\xampp\php;D:\composer;C:\Users\dat29\AppData\Roaming\Composer\vendor\bin;D:\JetBrains\IntelliJ IDEA 2020.1\bin;;D:\Microsoft VS Code\Microsoft VS Code\bin;C:\Users\dat29\AppData\Roaming\npm;C:\Users\dat29\AppData\Local\Yarn\bin;C:\Users\dat29\.dotnet\tools;C:\dart-sdk\bin;D:\Flutter\bin;
USERNAME=dat29
OS=Windows_NT
PROCESSOR_IDENTIFIER=Intel64 Family 6 Model 142 Stepping 10, GenuineIntel



---------------  S Y S T E M  ---------------

OS: Windows 10 , 64 bit Build 19041 (10.0.19041.1202)
OS uptime: 0 days 9:54 hours

CPU:total 8 (initial active 8) (4 cores per cpu, 2 threads per core) family 6 model 142 stepping 10 microcode 0xe0, cmov, cx8, fxsr, mmx, sse, sse2, sse3, ssse3, sse4.1, sse4.2, popcnt, avx, avx2, aes, clmul, erms, 3dnowpref, lzcnt, ht, tsc, tscinvbit, bmi1, bmi2, adx, fma

Memory: 4k page, system-wide physical 8072M (399M free)
TotalPageFile size 8072M (AvailPageFile size 106M)
current process WorkingSet (physical memory assigned to process): 10M, peak: 10M
current process commit charge ("private bytes"): 60M, peak: 187M

vm_info: OpenJDK 64-Bit Server VM (11.0.10+0-b96-7249189) for windows-amd64 JRE (11.0.10+0-b96-7249189), built on Mar 31 2021 21:44:00 by "builder" with MS VC++ 14.0 (VS2015)

END.
