#
# There is insufficient memory for the Java Runtime Environment to continue.
# Native memory allocation (malloc) failed to allocate 1048576 bytes for AllocateHeap
# Possible reasons:
#   The system is out of physical RAM or swap space
#   The process is running with CompressedOops enabled, and the Java Heap may be blocking the growth of the native heap
# Possible solutions:
#   Reduce memory load on the system
#   Increase physical memory or swap space
#   Check if swap backing store is full
#   Decrease Java heap size (-Xmx/-Xms)
#   Decrease number of Java threads
#   Decrease Java thread stack sizes (-Xss)
#   Set larger code cache with -XX:ReservedCodeCacheSize=
#   JVM is running with Unscaled Compressed Oops mode in which the Java heap is
#     placed in the first 4GB address space. The Java Heap base address is the
#     maximum limit for the native heap growth. Please use -XX:HeapBaseMinAddress
#     to set the Java Heap base and to place the Java Heap above 4GB virtual address.
# This output file may be truncated or incomplete.
#
#  Out of Memory Error (./src/hotspot/share/memory/allocation.cpp:46), pid=10088, tid=7792
#
# JRE version:  (11.0.10) (build )
# Java VM: OpenJDK 64-Bit Server VM (11.0.10+0-b96-7249189, mixed mode, sharing, tiered, compressed oops, g1 gc, windows-amd64)
# No core dump will be written. Minidumps are not enabled by default on client versions of Windows
#

---------------  S U M M A R Y ------------

Command Line: org.jetbrains.kotlin.cli.jvm.K2JVMCompiler @D:\AndroidStudioProjects\training_android\LiveDataDemo\app\build\20211110_12325030397187120537.compiler.options

Host: Intel(R) Core(TM) i5-8250U CPU @ 1.60GHz, 8 cores, 7G,  Windows 10 , 64 bit Build 19041 (10.0.19041.1202)
Time: Wed Nov 10 16:14:21 2021 SE Asia Standard Time elapsed time: 0.034173 seconds (0d 0h 0m 0s)

---------------  T H R E A D  ---------------

Current thread (0x00000180a525b000):  JavaThread "Unknown thread" [_thread_in_vm, id=7792, stack(0x0000002e9f300000,0x0000002e9f400000)]

Stack: [0x0000002e9f300000,0x0000002e9f400000]
Native frames: (J=compiled Java code, j=interpreted, Vv=VM code, C=native code)
V  [jvm.dll+0x5ecfaa]
V  [jvm.dll+0x722bd5]
V  [jvm.dll+0x72412d]
V  [jvm.dll+0x7247e3]
V  [jvm.dll+0x242928]
V  [jvm.dll+0xb39a4]
V  [jvm.dll+0x2d49f8]
V  [jvm.dll+0x701727]
V  [jvm.dll+0x702f2c]
V  [jvm.dll+0x3587d9]
V  [jvm.dll+0x6e4fae]
V  [jvm.dll+0x3c0be3]
V  [jvm.dll+0x3c2e91]
C  [jli.dll+0x5373]
C  [ucrtbase.dll+0x21bb2]
C  [KERNEL32.DLL+0x17034]
C  [ntdll.dll+0x52651]


---------------  P R O C E S S  ---------------

Threads class SMR info:
_java_thread_list=0x00000180a2f63860, length=0, elements={
}

Java Threads: ( => current thread )

Other Threads:

=>0x00000180a525b000 (exited) JavaThread "Unknown thread" [_thread_in_vm, id=7792, stack(0x0000002e9f300000,0x0000002e9f400000)]

Threads with active compile tasks:

VM state:not at safepoint (not fully initialized)

VM Mutex/Monitor currently owned by a thread: None


[error occurred during error reporting (printing compressed oops mode), id 0xc0000005, EXCEPTION_ACCESS_VIOLATION (0xc0000005) at pc=0x00007ffd3cb42577]

GC Heap History (0 events):
No events

Deoptimization events (0 events):
No events

Classes redefined (0 events):
No events

Internal exceptions (0 events):
No events

Events (1 events):
Event: 0.019 Loaded shared library C:\Program Files\Android\Android Studio\jre\bin\zip.dll


Dynamic libraries:
0x00007ff644f90000 - 0x00007ff644f9a000 	C:\Program Files\Android\Android Studio\jre\bin\java.exe
0x00007ffd83390000 - 0x00007ffd83585000 	C:\WINDOWS\SYSTEM32\ntdll.dll
0x00007ffd82d40000 - 0x00007ffd82dfe000 	C:\WINDOWS\System32\KERNEL32.DLL
0x00007ffd80ee0000 - 0x00007ffd811a9000 	C:\WINDOWS\System32\KERNELBASE.dll
0x00007ffd80b60000 - 0x00007ffd80c60000 	C:\WINDOWS\System32\ucrtbase.dll
0x00007ffd7c1e0000 - 0x00007ffd7c1f9000 	C:\Program Files\Android\Android Studio\jre\bin\jli.dll
0x00007ffd7a7a0000 - 0x00007ffd7a7b7000 	C:\Program Files\Android\Android Studio\jre\bin\VCRUNTIME140.dll
0x00007ffd81e10000 - 0x00007ffd81fb1000 	C:\WINDOWS\System32\USER32.dll
0x00007ffd6e130000 - 0x00007ffd6e3ca000 	C:\WINDOWS\WinSxS\amd64_microsoft.windows.common-controls_6595b64144ccf1df_6.0.19041.1110_none_60b5254171f9507e\COMCTL32.dll
0x00007ffd80cb0000 - 0x00007ffd80cd2000 	C:\WINDOWS\System32\win32u.dll
0x00007ffd82940000 - 0x00007ffd829de000 	C:\WINDOWS\System32\msvcrt.dll
0x00007ffd82af0000 - 0x00007ffd82b1b000 	C:\WINDOWS\System32\GDI32.dll
0x00007ffd80dd0000 - 0x00007ffd80edb000 	C:\WINDOWS\System32\gdi32full.dll
0x00007ffd81340000 - 0x00007ffd813dd000 	C:\WINDOWS\System32\msvcp_win.dll
0x00007ffd82a60000 - 0x00007ffd82a90000 	C:\WINDOWS\System32\IMM32.DLL
0x00007ffd79010000 - 0x00007ffd790ad000 	C:\Program Files\Android\Android Studio\jre\bin\msvcp140.dll
0x00007ffd3c440000 - 0x00007ffd3cf0f000 	C:\Program Files\Android\Android Studio\jre\bin\server\jvm.dll
0x00007ffd82e20000 - 0x00007ffd82ecc000 	C:\WINDOWS\System32\ADVAPI32.dll
0x00007ffd82ca0000 - 0x00007ffd82d3b000 	C:\WINDOWS\System32\sechost.dll
0x00007ffd81ce0000 - 0x00007ffd81e0a000 	C:\WINDOWS\System32\RPCRT4.dll
0x00007ffd82bc0000 - 0x00007ffd82bc8000 	C:\WINDOWS\System32\PSAPI.DLL
0x00007ffd6d030000 - 0x00007ffd6d039000 	C:\WINDOWS\SYSTEM32\WSOCK32.dll
0x00007ffd6b910000 - 0x00007ffd6b937000 	C:\WINDOWS\SYSTEM32\WINMM.dll
0x00007ffd82070000 - 0x00007ffd820db000 	C:\WINDOWS\System32\WS2_32.dll
0x00007ffd797f0000 - 0x00007ffd797fa000 	C:\WINDOWS\SYSTEM32\VERSION.dll
0x00007ffd7f320000 - 0x00007ffd7f332000 	C:\WINDOWS\SYSTEM32\kernel.appcore.dll
0x00007ffd7c140000 - 0x00007ffd7c151000 	C:\Program Files\Android\Android Studio\jre\bin\verify.dll
0x00007ffd7e1f0000 - 0x00007ffd7e3d4000 	C:\WINDOWS\SYSTEM32\DBGHELP.DLL
0x00007ffd676c0000 - 0x00007ffd676ec000 	C:\WINDOWS\SYSTEM32\dbgcore.DLL
0x00007ffd80d40000 - 0x00007ffd80dc3000 	C:\WINDOWS\System32\bcryptPrimitives.dll
0x00007ffd7a720000 - 0x00007ffd7a749000 	C:\Program Files\Android\Android Studio\jre\bin\java.dll
0x00007ffd7c130000 - 0x00007ffd7c13b000 	C:\Program Files\Android\Android Studio\jre\bin\jimage.dll
0x00007ffd7a500000 - 0x00007ffd7a518000 	C:\Program Files\Android\Android Studio\jre\bin\zip.dll

dbghelp: loaded successfully - version: 4.0.5 - missing functions: none
symbol engine: initialized successfully - sym options: 0x614 - pdb path: .;C:\Program Files\Android\Android Studio\jre\bin;C:\WINDOWS\SYSTEM32;C:\WINDOWS\WinSxS\amd64_microsoft.windows.common-controls_6595b64144ccf1df_6.0.19041.1110_none_60b5254171f9507e;C:\Program Files\Android\Android Studio\jre\bin\server

VM Arguments:
java_command: org.jetbrains.kotlin.cli.jvm.K2JVMCompiler @D:\AndroidStudioProjects\training_android\LiveDataDemo\app\build\20211110_12325030397187120537.compiler.options
java_class_path (initial): C:\Users\dat29\.gradle\caches\modules-2\files-2.1\org.jetbrains.kotlin\kotlin-compiler-embeddable\1.5.31\cc18c29253541dc57c25c3ef514d63c7953ae1a6\kotlin-compiler-embeddable-1.5.31.jar;C:\Users\dat29\.gradle\caches\modules-2\files-2.1\org.jetbrains.kotlin\kotlin-reflect\1.5.31\1523fcd842a47da0820cea772b19c51056fec8a9\kotlin-reflect-1.5.31.jar;C:\Users\dat29\.gradle\caches\modules-2\files-2.1\org.jetbrains.kotlin\kotlin-stdlib\1.5.31\6628d61d0f5603568e72d2d5915d2c034b4f1c55\kotlin-stdlib-1.5.31.jar;C:\Users\dat29\.gradle\caches\modules-2\files-2.1\org.jetbrains.kotlin\kotlin-script-runtime\1.5.31\aaea854be2cfc06373dfc11be5a6ba9ca5ca84a6\kotlin-script-runtime-1.5.31.jar;C:\Users\dat29\.gradle\caches\modules-2\files-2.1\org.jetbrains.kotlin\kotlin-daemon-embeddable\1.5.31\d19b549661e28c62781683dc7c7e34bf416974f1\kotlin-daemon-embeddable-1.5.31.jar;C:\Users\dat29\.gradle\caches\modules-2\files-2.1\org.jetbrains.intellij.deps\trove4j\1.0.20181211\216c2e14b070f334479d800987affe4054cd563f\trove4j-1.0.20181211.jar;C:\Users\dat29\.gradle\caches\modules-2\files-2.1\org.jetbrains\annotations\13.0\919f0dfe192fb4e063e7dacadee7f8bb9a2672a9\annotations-13.0.jar;C:\Users\dat29\.gradle\caches\modules-2\files-2.1\org.jetbrains.kotlin\kotlin-stdlib-common\1.5.31\43331609c7de811fed085e0dfd150874b157c32\kotlin-stdlib-common-1.5.31.jar
Launcher Type: SUN_STANDARD

[Global flags]
     intx CICompilerCount                          = 4                                         {product} {ergonomic}
     uint G1ConcRefinementThreads                  = 8                                         {product} {ergonomic}
   size_t G1HeapRegionSize                         = 1048576                                   {product} {ergonomic}
    uintx GCDrainStackTargetSize                   = 64                                        {product} {ergonomic}
   size_t InitialHeapSize                          = 134217728                                 {product} {ergonomic}
   size_t MaxHeapSize                              = 2118123520                                {product} {ergonomic}
   size_t MinHeapDeltaBytes                        = 1048576                                   {product} {ergonomic}
    uintx NonNMethodCodeHeapSize                   = 5836300                                {pd product} {ergonomic}
    uintx NonProfiledCodeHeapSize                  = 122910970                              {pd product} {ergonomic}
    uintx ProfiledCodeHeapSize                     = 122910970                              {pd product} {ergonomic}
    uintx ReservedCodeCacheSize                    = 251658240                              {pd product} {ergonomic}
     bool SegmentedCodeCache                       = true                                      {product} {ergonomic}
     bool UseCompressedClassPointers               = true                                 {lp64_product} {ergonomic}
     bool UseCompressedOops                        = true                                 {lp64_product} {ergonomic}
     bool UseG1GC                                  = true                                      {product} {ergonomic}
     bool UseLargePagesIndividualAllocation        = false                                  {pd product} {ergonomic}

Logging:
Log output configuration:
 #0: stdout all=warning uptime,level,tags
 #1: stderr all=off uptime,level,tags

Environment Variables:
PATH=D:\Python\Python38\Scripts\;D:\Python\Python38\;C:\WINDOWS\system32;C:\WINDOWS;C:\WINDOWS\System32\Wbem;C:\WINDOWS\System32\WindowsPowerShell\v1.0\;C:\WINDOWS\System32\OpenSSH\;C:\Program Files\Java\jdk-14.0.1\bin;C:\Program Files (x86)\Yarn\bin\;C:\Program Files\Git\cmd;C:\Program Files\dotnet\;C:\Program Files\Microsoft SQL Server\130\Tools\Binn\;C:\Program Files\Microsoft SQL Server\Client SDK\ODBC\170\Tools\Binn\;C:\dart-sdk\bin;D:\Flutter\bin;C:\Program Files\nodejs\;E:\download\app\app\platform-tools_r31.0.3-windows\platform-tools;C:\Users\dat29\AppData\Local\Android\Sdk\platform-tools;C:\Users\dat29\AppData\Local\Android\Sdk\tools;C:\Users\dat29\AppData\Local\Android\Sdk\platform-tools;C:\Users\dat29\AppData\Local\Android\Sdk\tools;C:\Users\dat29\AppData\Local\Android\Sdk\platform-tools;C:\Users\dat29\AppData\Local\Android\Sdk\tools;C:\Ruby30-x64\bin;C:\Users\dat29\AppData\Local\Programs\Python\Python36\Scripts\;C:\Users\dat29\AppData\Local\Programs\Python\Python36\;D:\Python\Scripts\;D:\Python\;D:\Anaconda3;D:\Anaconda3\Library\mingw-w64\bin;D:\Anaconda3\Library\usr\bin;D:\Anaconda3\Library\bin;D:\Anaconda3\Scripts;C:\Users\dat29\AppData\Local\Microsoft\WindowsApps;D:\xampp\php;D:\composer;C:\Users\dat29\AppData\Roaming\Composer\vendor\bin;D:\JetBrains\IntelliJ IDEA 2020.1\bin;;D:\Microsoft VS Code\Microsoft VS Code\bin;C:\Users\dat29\AppData\Local\Yarn\bin;C:\Users\dat29\.dotnet\tools;C:\dart-sdk\bin;D:\Flutter\bin;C:\Users\dat29\AppData\Roaming\npm;E:\download\app\app\platform-tools_r31.0.3-windows\platform-tools;
USERNAME=dat29
OS=Windows_NT
PROCESSOR_IDENTIFIER=Intel64 Family 6 Model 142 Stepping 10, GenuineIntel



---------------  S Y S T E M  ---------------

OS: Windows 10 , 64 bit Build 19041 (10.0.19041.1202)
OS uptime: 0 days 1:45 hours

CPU:total 8 (initial active 8) (4 cores per cpu, 2 threads per core) family 6 model 142 stepping 10 microcode 0xe0, cmov, cx8, fxsr, mmx, sse, sse2, sse3, ssse3, sse4.1, sse4.2, popcnt, avx, avx2, aes, clmul, erms, 3dnowpref, lzcnt, ht, tsc, tscinvbit, bmi1, bmi2, adx, fma

Memory: 4k page, system-wide physical 8072M (585M free)
TotalPageFile size 8072M (AvailPageFile size 15M)
current process WorkingSet (physical memory assigned to process): 9M, peak: 9M
current process commit charge ("private bytes"): 11M, peak: 12M

vm_info: OpenJDK 64-Bit Server VM (11.0.10+0-b96-7249189) for windows-amd64 JRE (11.0.10+0-b96-7249189), built on Mar 31 2021 21:44:00 by "builder" with MS VC++ 14.0 (VS2015)

END.
